This file contains any messages produced by compilers while
running configure, to aid debugging if configure makes a mistake.

It was created by I_Rover configure 1.0, which was
generated by GNU Autoconf 2.68.  Invocation command line was

  $ ./configure 

## --------- ##
## Platform. ##
## --------- ##

hostname = mael
uname -m = x86_64
uname -r = 3.5.0-19-generic
uname -s = Linux
uname -v = #30-Ubuntu SMP Tue Nov 13 17:48:01 UTC 2012

/usr/bin/uname -p = unknown
/bin/uname -X     = unknown

/bin/arch              = unknown
/usr/bin/arch -k       = unknown
/usr/convex/getsysinfo = unknown
/usr/bin/hostinfo      = unknown
/bin/machine           = unknown
/usr/bin/oslevel       = unknown
/bin/universe          = unknown

PATH: /usr/lib/lightdm/lightdm
PATH: /usr/local/sbin
PATH: /usr/local/bin
PATH: /usr/sbin
PATH: /usr/bin
PATH: /sbin
PATH: /bin
PATH: /usr/games
PATH: /usr/local/games


## ----------- ##
## Core tests. ##
## ----------- ##

configure:2303: checking build system type
configure:2317: result: x86_64-unknown-linux-gnu
configure:2337: checking host system type
configure:2350: result: x86_64-unknown-linux-gnu
configure:2391: checking how to print strings
configure:2418: result: printf
configure:2487: checking for gcc
configure:2503: found /usr/bin/gcc
configure:2514: result: gcc
configure:2743: checking for C compiler version
configure:2752: gcc --version >&5
gcc (Ubuntu/Linaro 4.7.2-2ubuntu1) 4.7.2
Copyright (C) 2012 Free Software Foundation, Inc.
This is free software; see the source for copying conditions.  There is NO
warranty; not even for MERCHANTABILITY or FITNESS FOR A PARTICULAR PURPOSE.

configure:2763: $? = 0
configure:2752: gcc -v >&5
Using built-in specs.
COLLECT_GCC=gcc
COLLECT_LTO_WRAPPER=/usr/lib/gcc/x86_64-linux-gnu/4.7/lto-wrapper
Target: x86_64-linux-gnu
Configured with: ../src/configure -v --with-pkgversion='Ubuntu/Linaro 4.7.2-2ubuntu1' --with-bugurl=file:///usr/share/doc/gcc-4.7/README.Bugs --enable-languages=c,c++,go,fortran,objc,obj-c++ --prefix=/usr --program-suffix=-4.7 --enable-shared --enable-linker-build-id --with-system-zlib --libexecdir=/usr/lib --without-included-gettext --enable-threads=posix --with-gxx-include-dir=/usr/include/c++/4.7 --libdir=/usr/lib --enable-nls --with-sysroot=/ --enable-clocale=gnu --enable-libstdcxx-debug --enable-libstdcxx-time=yes --enable-gnu-unique-object --enable-plugin --enable-objc-gc --disable-werror --with-arch-32=i686 --with-tune=generic --enable-checking=release --build=x86_64-linux-gnu --host=x86_64-linux-gnu --target=x86_64-linux-gnu
Thread model: posix
gcc version 4.7.2 (Ubuntu/Linaro 4.7.2-2ubuntu1) 
configure:2763: $? = 0
configure:2752: gcc -V >&5
gcc: error: unrecognized command line option '-V'
gcc: fatal error: no input files
compilation terminated.
configure:2763: $? = 4
configure:2752: gcc -qversion >&5
gcc: error: unrecognized command line option '-qversion'
gcc: fatal error: no input files
compilation terminated.
configure:2763: $? = 4
configure:2783: checking whether the C compiler works
configure:2805: gcc    conftest.c  >&5
configure:2809: $? = 0
configure:2857: result: yes
configure:2860: checking for C compiler default output file name
configure:2862: result: a.out
configure:2868: checking for suffix of executables
configure:2875: gcc -o conftest    conftest.c  >&5
configure:2879: $? = 0
configure:2901: result: 
configure:2923: checking whether we are cross compiling
configure:2931: gcc -o conftest    conftest.c  >&5
configure:2935: $? = 0
configure:2942: ./conftest
configure:2946: $? = 0
configure:2961: result: no
configure:2966: checking for suffix of object files
configure:2988: gcc -c   conftest.c >&5
configure:2992: $? = 0
configure:3013: result: o
configure:3017: checking whether we are using the GNU C compiler
configure:3036: gcc -c   conftest.c >&5
configure:3036: $? = 0
configure:3045: result: yes
configure:3054: checking whether gcc accepts -g
configure:3074: gcc -c -g  conftest.c >&5
configure:3074: $? = 0
configure:3115: result: yes
configure:3132: checking for gcc option to accept ISO C89
configure:3196: gcc  -c -g -O2  conftest.c >&5
configure:3196: $? = 0
configure:3209: result: none needed
configure:3229: checking for a sed that does not truncate output
configure:3293: result: /bin/sed
configure:3311: checking for grep that handles long lines and -e
configure:3369: result: /bin/grep
configure:3374: checking for egrep
configure:3436: result: /bin/grep -E
configure:3441: checking for fgrep
configure:3503: result: /bin/grep -F
configure:3538: checking for ld used by gcc
configure:3605: result: /usr/bin/ld
configure:3612: checking if the linker (/usr/bin/ld) is GNU ld
configure:3627: result: yes
configure:3639: checking for BSD- or MS-compatible name lister (nm)
configure:3688: result: /usr/bin/nm -B
configure:3818: checking the name lister (/usr/bin/nm -B) interface
configure:3825: gcc -c -g -O2  conftest.c >&5
configure:3828: /usr/bin/nm -B "conftest.o"
configure:3831: output
0000000000000000 B some_variable
configure:3838: result: BSD nm
configure:3841: checking whether ln -s works
configure:3845: result: yes
configure:3853: checking the maximum length of command line arguments
configure:3983: result: 1572864
configure:4000: checking whether the shell understands some XSI constructs
configure:4010: result: yes
configure:4014: checking whether the shell understands "+="
configure:4020: result: yes
configure:4055: checking how to convert x86_64-unknown-linux-gnu file names to x86_64-unknown-linux-gnu format
configure:4095: result: func_convert_file_noop
configure:4102: checking how to convert x86_64-unknown-linux-gnu file names to toolchain format
configure:4122: result: func_convert_file_noop
configure:4129: checking for /usr/bin/ld option to reload object files
configure:4136: result: -r
configure:4210: checking for objdump
configure:4226: found /usr/bin/objdump
configure:4237: result: objdump
configure:4269: checking how to recognize dependent libraries
configure:4471: result: pass_all
configure:4556: checking for dlltool
configure:4586: result: no
configure:4616: checking how to associate runtime and link libraries
configure:4643: result: printf %s\n
configure:4704: checking for ar
configure:4720: found /usr/bin/ar
configure:4731: result: ar
configure:4768: checking for archiver @FILE support
configure:4785: gcc -c -g -O2  conftest.c >&5
configure:4785: $? = 0
configure:4788: ar cru libconftest.a @conftest.lst >&5
configure:4791: $? = 0
configure:4796: ar cru libconftest.a @conftest.lst >&5
ar: conftest.o: No such file or directory
configure:4799: $? = 1
configure:4811: result: @
configure:4869: checking for strip
configure:4885: found /usr/bin/strip
configure:4896: result: strip
configure:4968: checking for ranlib
configure:4984: found /usr/bin/ranlib
configure:4995: result: ranlib
configure:5072: checking for gawk
configure:5102: result: no
configure:5072: checking for mawk
configure:5088: found /usr/bin/mawk
configure:5099: result: mawk
configure:5139: checking command to parse /usr/bin/nm -B output from gcc object
configure:5259: gcc -c -g -O2  conftest.c >&5
configure:5262: $? = 0
configure:5266: /usr/bin/nm -B conftest.o \| sed -n -e 's/^.*[ ]\([ABCDGIRSTW][ABCDGIRSTW]*\)[ ][ ]*\([_A-Za-z][_A-Za-z0-9]*\)$/\1 \2 \2/p' | sed '/ __gnu_lto/d' \> conftest.nm
configure:5269: $? = 0
configure:5335: gcc -o conftest -g -O2   conftest.c conftstm.o >&5
configure:5338: $? = 0
configure:5376: result: ok
configure:5413: checking for sysroot
configure:5443: result: no
configure:5520: gcc -c -g -O2  conftest.c >&5
configure:5523: $? = 0
configure:5699: checking for mt
configure:5715: found /bin/mt
configure:5726: result: mt
configure:5749: checking if mt is a manifest tool
configure:5755: mt '-?'
configure:5763: result: no
configure:6405: checking how to run the C preprocessor
configure:6436: gcc -E  conftest.c
configure:6436: $? = 0
configure:6450: gcc -E  conftest.c
conftest.c:9:28: fatal error: ac_nonexistent.h: No such file or directory
compilation terminated.
configure:6450: $? = 1
configure: failed program was:
| /* confdefs.h */
| #define PACKAGE_NAME "I_Rover"
| #define PACKAGE_TARNAME "i_rover"
| #define PACKAGE_VERSION "1.0"
| #define PACKAGE_STRING "I_Rover 1.0"
| #define PACKAGE_BUGREPORT "BUG-REPORT-ADDRESS"
| #define PACKAGE_URL ""
| /* end confdefs.h.  */
| #include <ac_nonexistent.h>
configure:6475: result: gcc -E
configure:6495: gcc -E  conftest.c
configure:6495: $? = 0
configure:6509: gcc -E  conftest.c
conftest.c:9:28: fatal error: ac_nonexistent.h: No such file or directory
compilation terminated.
configure:6509: $? = 1
configure: failed program was:
| /* confdefs.h */
| #define PACKAGE_NAME "I_Rover"
| #define PACKAGE_TARNAME "i_rover"
| #define PACKAGE_VERSION "1.0"
| #define PACKAGE_STRING "I_Rover 1.0"
| #define PACKAGE_BUGREPORT "BUG-REPORT-ADDRESS"
| #define PACKAGE_URL ""
| /* end confdefs.h.  */
| #include <ac_nonexistent.h>
configure:6538: checking for ANSI C header files
configure:6558: gcc -c -g -O2  conftest.c >&5
configure:6558: $? = 0
configure:6631: gcc -o conftest -g -O2   conftest.c  >&5
configure:6631: $? = 0
configure:6631: ./conftest
configure:6631: $? = 0
configure:6642: result: yes
configure:6655: checking for sys/types.h
configure:6655: gcc -c -g -O2  conftest.c >&5
configure:6655: $? = 0
configure:6655: result: yes
configure:6655: checking for sys/stat.h
configure:6655: gcc -c -g -O2  conftest.c >&5
configure:6655: $? = 0
configure:6655: result: yes
configure:6655: checking for stdlib.h
configure:6655: gcc -c -g -O2  conftest.c >&5
configure:6655: $? = 0
configure:6655: result: yes
configure:6655: checking for string.h
configure:6655: gcc -c -g -O2  conftest.c >&5
configure:6655: $? = 0
configure:6655: result: yes
configure:6655: checking for memory.h
configure:6655: gcc -c -g -O2  conftest.c >&5
configure:6655: $? = 0
configure:6655: result: yes
configure:6655: checking for strings.h
configure:6655: gcc -c -g -O2  conftest.c >&5
configure:6655: $? = 0
configure:6655: result: yes
configure:6655: checking for inttypes.h
configure:6655: gcc -c -g -O2  conftest.c >&5
configure:6655: $? = 0
configure:6655: result: yes
configure:6655: checking for stdint.h
configure:6655: gcc -c -g -O2  conftest.c >&5
configure:6655: $? = 0
configure:6655: result: yes
configure:6655: checking for unistd.h
configure:6655: gcc -c -g -O2  conftest.c >&5
configure:6655: $? = 0
configure:6655: result: yes
configure:6669: checking for dlfcn.h
configure:6669: gcc -c -g -O2  conftest.c >&5
configure:6669: $? = 0
configure:6669: result: yes
configure:6875: checking for objdir
configure:6890: result: .libs
configure:7161: checking if gcc supports -fno-rtti -fno-exceptions
configure:7179: gcc -c -g -O2  -fno-rtti -fno-exceptions conftest.c >&5
cc1: warning: command line option '-fno-rtti' is valid for C++/ObjC++ but not for C [enabled by default]
configure:7183: $? = 0
configure:7196: result: no
configure:7523: checking for gcc option to produce PIC
configure:7530: result: -fPIC -DPIC
configure:7538: checking if gcc PIC flag -fPIC -DPIC works
configure:7556: gcc -c -g -O2  -fPIC -DPIC -DPIC conftest.c >&5
configure:7560: $? = 0
configure:7573: result: yes
configure:7602: checking if gcc static flag -static works
configure:7630: result: yes
configure:7645: checking if gcc supports -c -o file.o
configure:7666: gcc -c -g -O2  -o out/conftest2.o conftest.c >&5
configure:7670: $? = 0
configure:7692: result: yes
configure:7700: checking if gcc supports -c -o file.o
configure:7747: result: yes
configure:7780: checking whether the gcc linker (/usr/bin/ld -m elf_x86_64) supports shared libraries
configure:8937: result: yes
configure:8974: checking whether -lc should be explicitly linked in
configure:8982: gcc -c -g -O2  conftest.c >&5
configure:8985: $? = 0
configure:9000: gcc -shared  -fPIC -DPIC conftest.o  -v -Wl,-soname -Wl,conftest -o conftest 2\>\&1 \| /bin/grep  -lc  \>/dev/null 2\>\&1
configure:9003: $? = 0
configure:9017: result: no
configure:9177: checking dynamic linker characteristics
configure:9688: gcc -o conftest -g -O2   -Wl,-rpath -Wl,/foo conftest.c  >&5
configure:9688: $? = 0
configure:9922: result: GNU/Linux ld.so
configure:10029: checking how to hardcode library paths into programs
configure:10054: result: immediate
configure:10594: checking whether stripping libraries is possible
configure:10599: result: yes
configure:10634: checking if libtool supports shared libraries
configure:10636: result: yes
configure:10639: checking whether to build shared libraries
configure:10660: result: yes
configure:10663: checking whether to build static libraries
configure:10667: result: yes
configure:10720: checking for a BSD-compatible install
configure:10788: result: /usr/bin/install -c
configure:10799: checking whether build environment is sane
configure:10849: result: yes
configure:10990: checking for a thread-safe mkdir -p
configure:11029: result: /bin/mkdir -p
configure:11038: checking whether make sets $(MAKE)
configure:11060: result: yes
configure:11090: checking for style of include used by make
configure:11118: result: GNU
configure:11204: checking dependency style of gcc
configure:11315: result: gcc3
configure:11391: checking for g++
configure:11407: found /usr/bin/g++
configure:11418: result: g++
configure:11445: checking for C++ compiler version
configure:11454: g++ --version >&5
g++ (Ubuntu/Linaro 4.7.2-2ubuntu1) 4.7.2
Copyright (C) 2012 Free Software Foundation, Inc.
This is free software; see the source for copying conditions.  There is NO
warranty; not even for MERCHANTABILITY or FITNESS FOR A PARTICULAR PURPOSE.

configure:11465: $? = 0
configure:11454: g++ -v >&5
Using built-in specs.
COLLECT_GCC=g++
COLLECT_LTO_WRAPPER=/usr/lib/gcc/x86_64-linux-gnu/4.7/lto-wrapper
Target: x86_64-linux-gnu
Configured with: ../src/configure -v --with-pkgversion='Ubuntu/Linaro 4.7.2-2ubuntu1' --with-bugurl=file:///usr/share/doc/gcc-4.7/README.Bugs --enable-languages=c,c++,go,fortran,objc,obj-c++ --prefix=/usr --program-suffix=-4.7 --enable-shared --enable-linker-build-id --with-system-zlib --libexecdir=/usr/lib --without-included-gettext --enable-threads=posix --with-gxx-include-dir=/usr/include/c++/4.7 --libdir=/usr/lib --enable-nls --with-sysroot=/ --enable-clocale=gnu --enable-libstdcxx-debug --enable-libstdcxx-time=yes --enable-gnu-unique-object --enable-plugin --enable-objc-gc --disable-werror --with-arch-32=i686 --with-tune=generic --enable-checking=release --build=x86_64-linux-gnu --host=x86_64-linux-gnu --target=x86_64-linux-gnu
Thread model: posix
gcc version 4.7.2 (Ubuntu/Linaro 4.7.2-2ubuntu1) 
configure:11465: $? = 0
configure:11454: g++ -V >&5
g++: error: unrecognized command line option '-V'
g++: fatal error: no input files
compilation terminated.
configure:11465: $? = 4
configure:11454: g++ -qversion >&5
g++: error: unrecognized command line option '-qversion'
g++: fatal error: no input files
compilation terminated.
configure:11465: $? = 4
configure:11469: checking whether we are using the GNU C++ compiler
configure:11488: g++ -c   conftest.cpp >&5
configure:11488: $? = 0
configure:11497: result: yes
configure:11506: checking whether g++ accepts -g
configure:11526: g++ -c -g  conftest.cpp >&5
configure:11526: $? = 0
configure:11567: result: yes
configure:11608: checking how to run the C++ preprocessor
configure:11635: g++ -E  conftest.cpp
configure:11635: $? = 0
configure:11649: g++ -E  conftest.cpp
conftest.cpp:23:28: fatal error: ac_nonexistent.h: No such file or directory
compilation terminated.
configure:11649: $? = 1
configure: failed program was:
| /* confdefs.h */
| #define PACKAGE_NAME "I_Rover"
| #define PACKAGE_TARNAME "i_rover"
| #define PACKAGE_VERSION "1.0"
| #define PACKAGE_STRING "I_Rover 1.0"
| #define PACKAGE_BUGREPORT "BUG-REPORT-ADDRESS"
| #define PACKAGE_URL ""
| #define STDC_HEADERS 1
| #define HAVE_SYS_TYPES_H 1
| #define HAVE_SYS_STAT_H 1
| #define HAVE_STDLIB_H 1
| #define HAVE_STRING_H 1
| #define HAVE_MEMORY_H 1
| #define HAVE_STRINGS_H 1
| #define HAVE_INTTYPES_H 1
| #define HAVE_STDINT_H 1
| #define HAVE_UNISTD_H 1
| #define HAVE_DLFCN_H 1
| #define LT_OBJDIR ".libs/"
| #define PACKAGE "i_rover"
| #define VERSION "1.0"
| /* end confdefs.h.  */
| #include <ac_nonexistent.h>
configure:11674: result: g++ -E
configure:11694: g++ -E  conftest.cpp
configure:11694: $? = 0
configure:11708: g++ -E  conftest.cpp
conftest.cpp:23:28: fatal error: ac_nonexistent.h: No such file or directory
compilation terminated.
configure:11708: $? = 1
configure: failed program was:
| /* confdefs.h */
| #define PACKAGE_NAME "I_Rover"
| #define PACKAGE_TARNAME "i_rover"
| #define PACKAGE_VERSION "1.0"
| #define PACKAGE_STRING "I_Rover 1.0"
| #define PACKAGE_BUGREPORT "BUG-REPORT-ADDRESS"
| #define PACKAGE_URL ""
| #define STDC_HEADERS 1
| #define HAVE_SYS_TYPES_H 1
| #define HAVE_SYS_STAT_H 1
| #define HAVE_STDLIB_H 1
| #define HAVE_STRING_H 1
| #define HAVE_MEMORY_H 1
| #define HAVE_STRINGS_H 1
| #define HAVE_INTTYPES_H 1
| #define HAVE_STDINT_H 1
| #define HAVE_UNISTD_H 1
| #define HAVE_DLFCN_H 1
| #define LT_OBJDIR ".libs/"
| #define PACKAGE "i_rover"
| #define VERSION "1.0"
| /* end confdefs.h.  */
| #include <ac_nonexistent.h>
configure:11877: checking for ld used by g++
configure:11944: result: /usr/bin/ld -m elf_x86_64
configure:11951: checking if the linker (/usr/bin/ld -m elf_x86_64) is GNU ld
configure:11966: result: yes
configure:12021: checking whether the g++ linker (/usr/bin/ld -m elf_x86_64) supports shared libraries
configure:13026: result: yes
configure:13062: g++ -c -g -O2  conftest.cpp >&5
configure:13065: $? = 0
configure:13585: checking for g++ option to produce PIC
configure:13592: result: -fPIC -DPIC
configure:13600: checking if g++ PIC flag -fPIC -DPIC works
configure:13618: g++ -c -g -O2  -fPIC -DPIC -DPIC conftest.cpp >&5
configure:13622: $? = 0
configure:13635: result: yes
configure:13658: checking if g++ static flag -static works
configure:13686: result: yes
configure:13698: checking if g++ supports -c -o file.o
configure:13719: g++ -c -g -O2  -o out/conftest2.o conftest.cpp >&5
configure:13723: $? = 0
configure:13745: result: yes
configure:13750: checking if g++ supports -c -o file.o
configure:13797: result: yes
configure:13827: checking whether the g++ linker (/usr/bin/ld -m elf_x86_64) supports shared libraries
configure:13866: result: yes
configure:14007: checking dynamic linker characteristics
configure:14686: result: GNU/Linux ld.so
configure:14739: checking how to hardcode library paths into programs
configure:14764: result: immediate
configure:14806: checking dependency style of g++
configure:14917: result: gcc3
configure:14936: checking for next_attribute in -lpugixml
configure:14961: gcc -o conftest -g -O2   conftest.c -lpugixml   >&5
/usr/bin/ld: cannot find -lpugixml
collect2: error: ld returned 1 exit status
configure:14961: $? = 1
configure: failed program was:
| /* confdefs.h */
| #define PACKAGE_NAME "I_Rover"
| #define PACKAGE_TARNAME "i_rover"
| #define PACKAGE_VERSION "1.0"
| #define PACKAGE_STRING "I_Rover 1.0"
| #define PACKAGE_BUGREPORT "BUG-REPORT-ADDRESS"
| #define PACKAGE_URL ""
| #define STDC_HEADERS 1
| #define HAVE_SYS_TYPES_H 1
| #define HAVE_SYS_STAT_H 1
| #define HAVE_STDLIB_H 1
| #define HAVE_STRING_H 1
| #define HAVE_MEMORY_H 1
| #define HAVE_STRINGS_H 1
| #define HAVE_INTTYPES_H 1
| #define HAVE_STDINT_H 1
| #define HAVE_UNISTD_H 1
| #define HAVE_DLFCN_H 1
| #define LT_OBJDIR ".libs/"
| #define PACKAGE "i_rover"
| #define VERSION "1.0"
| /* end confdefs.h.  */
| 
| /* Override any GCC internal prototype to avoid an error.
|    Use char because int might match the return type of a GCC
|    builtin and then its argument prototype would still apply.  */
| #ifdef __cplusplus
| extern "C"
| #endif
| char next_attribute ();
| int
| main ()
| {
| return next_attribute ();
|   ;
|   return 0;
| }
configure:14970: result: no
configure:15016: checking for qmake
configure:15035: found /usr/bin/qmake
configure:15047: result: /usr/bin/qmake
configure:15068: checking for moc
configure:15087: found /usr/bin/moc
configure:15099: result: /usr/bin/moc
configure:15120: checking for uic
configure:15139: found /usr/bin/uic
configure:15151: result: /usr/bin/uic
configure:15172: checking for rcc
configure:15191: found /usr/bin/rcc
configure:15203: result: /usr/bin/rcc
configure:15234: no TMPDIR or bad TMPDIR ()
configure:15240: setting TMPDIR=/tmp
configure:15314: Invoking /usr/bin/qmake on conftest12393.dir.pro
| ######################################################################
| # Automatically generated by qmake (2.01a) Wed Dec 12 12:35:00 2012
| ######################################################################
| 
| TEMPLATE = app
| TARGET = 
| DEPENDPATH += .
| INCLUDEPATH += .
| 
| # Input
| HEADERS += conftest.h
| SOURCES += conftest.cpp
configure:15321: checking whether we can build a simple Qt app
g++ -c -m64 -pipe -O2 -Wall -W -D_REENTRANT -DQT_WEBKIT -DQT_NO_DEBUG -DQT_GUI_LIB -DQT_CORE_LIB -DQT_SHARED -I/usr/share/qt4/mkspecs/linux-g++-64 -I. -I/usr/include/qt4/QtCore -I/usr/include/qt4/QtGui -I/usr/include/qt4 -I. -I. -o conftest.o conftest.cpp
/usr/bin/moc-qt4 -DQT_WEBKIT -DQT_NO_DEBUG -DQT_GUI_LIB -DQT_CORE_LIB -DQT_SHARED -I/usr/share/qt4/mkspecs/linux-g++-64 -I. -I/usr/include/qt4/QtCore -I/usr/include/qt4/QtGui -I/usr/include/qt4 -I. -I. conftest.h -o moc_conftest.cpp
g++ -c -m64 -pipe -O2 -Wall -W -D_REENTRANT -DQT_WEBKIT -DQT_NO_DEBUG -DQT_GUI_LIB -DQT_CORE_LIB -DQT_SHARED -I/usr/share/qt4/mkspecs/linux-g++-64 -I. -I/usr/include/qt4/QtCore -I/usr/include/qt4/QtGui -I/usr/include/qt4 -I. -I. -o moc_conftest.o moc_conftest.cpp
g++ -m64 -Wl,-O1 -o conftest12393 conftest.o moc_conftest.o    -L/usr/lib/x86_64-linux-gnu -lQtGui -lQtCore -lpthread 
configure:15381: result: ok, looks like Qt 4
configure:15414: checking for the DEFINES to use with Qt
configure:15421: result: -DQT_WEBKIT -DQT_NO_DEBUG -DQT_GUI_LIB -DQT_CORE_LIB -DQT_SHARED
configure:15427: checking for the CFLAGS to use with Qt
configure:15434: result: -m64 -pipe -O2 -Wall -W -D_REENTRANT $(QT_DEFINES)
configure:15440: checking for the CXXFLAGS to use with Qt
configure:15447: result: -m64 -pipe -O2 -Wall -W -D_REENTRANT $(QT_DEFINES)
configure:15453: checking for the INCPATH to use with Qt
configure:15460: result: -I/usr/share/qt4/mkspecs/linux-g++-64 -I. -I/usr/include/qt4/QtCore -I/usr/include/qt4/QtGui -I/usr/include/qt4 -I. -I.
configure:15469: checking for the LDFLAGS to use with Qt
configure:15476: result: -m64 -Wl,-O1
configure:15483: checking whether host operating system is Darwin
configure:15491: result: no
configure:15495: checking for the LIBS to use with Qt
configure:15510: result: -L/usr/lib/x86_64-linux-gnu -lQtGui -lQtCore -lpthread 
configure:15525: Invoking /usr/bin/qmake on conftest12393.dir.pro
configure:15672: creating ./config.status

## ---------------------- ##
## Running config.status. ##
## ---------------------- ##

This file was extended by I_Rover config.status 1.0, which was
generated by GNU Autoconf 2.68.  Invocation command line was

  CONFIG_FILES    = 
  CONFIG_HEADERS  = 
  CONFIG_LINKS    = 
  CONFIG_COMMANDS = 
  $ ./config.status 

on mael

config.status:1174: creating Makefile
config.status:1174: creating src/Makefile
config.status:1174: creating src/ihm/Makefile
config.status:1174: creating src/map/Makefile
config.status:1174: creating src/map/lib/Makefile
config.status:1174: creating src/mission/Makefile
config.status:1174: creating src/robot/Makefile
config.status:1174: creating build-aux/test.sh
config.status:1174: creating config.h
config.status:1355: config.h is unchanged
config.status:1403: executing libtool commands
config.status:1403: executing depfiles commands

## ---------------- ##
## Cache variables. ##
## ---------------- ##

ac_cv_build=x86_64-unknown-linux-gnu
ac_cv_c_compiler_gnu=yes
ac_cv_cxx_compiler_gnu=yes
ac_cv_env_CCC_set=
ac_cv_env_CCC_value=
ac_cv_env_CC_set=
ac_cv_env_CC_value=
ac_cv_env_CFLAGS_set=
ac_cv_env_CFLAGS_value=
ac_cv_env_CPPFLAGS_set=
ac_cv_env_CPPFLAGS_value=
ac_cv_env_CPP_set=
ac_cv_env_CPP_value=
ac_cv_env_CXXCPP_set=
ac_cv_env_CXXCPP_value=
ac_cv_env_CXXFLAGS_set=
ac_cv_env_CXXFLAGS_value=
ac_cv_env_CXX_set=
ac_cv_env_CXX_value=
ac_cv_env_LDFLAGS_set=
ac_cv_env_LDFLAGS_value=
ac_cv_env_LIBS_set=
ac_cv_env_LIBS_value=
ac_cv_env_TMPDIR_set=
ac_cv_env_TMPDIR_value=
ac_cv_env_build_alias_set=
ac_cv_env_build_alias_value=
ac_cv_env_host_alias_set=
ac_cv_env_host_alias_value=
ac_cv_env_target_alias_set=
ac_cv_env_target_alias_value=
ac_cv_header_dlfcn_h=yes
ac_cv_header_inttypes_h=yes
ac_cv_header_memory_h=yes
ac_cv_header_stdc=yes
ac_cv_header_stdint_h=yes
ac_cv_header_stdlib_h=yes
ac_cv_header_string_h=yes
ac_cv_header_strings_h=yes
ac_cv_header_sys_stat_h=yes
ac_cv_header_sys_types_h=yes
ac_cv_header_unistd_h=yes
ac_cv_host=x86_64-unknown-linux-gnu
ac_cv_lib_pugixml_next_attribute=no
ac_cv_objext=o
ac_cv_path_EGREP='/bin/grep -E'
ac_cv_path_FGREP='/bin/grep -F'
ac_cv_path_GREP=/bin/grep
ac_cv_path_MOC=/usr/bin/moc
ac_cv_path_QMAKE=/usr/bin/qmake
ac_cv_path_RCC=/usr/bin/rcc
ac_cv_path_SED=/bin/sed
ac_cv_path_UIC=/usr/bin/uic
ac_cv_path_install='/usr/bin/install -c'
ac_cv_path_mkdir=/bin/mkdir
ac_cv_prog_AWK=mawk
ac_cv_prog_CPP='gcc -E'
ac_cv_prog_CXXCPP='g++ -E'
ac_cv_prog_ac_ct_AR=ar
ac_cv_prog_ac_ct_CC=gcc
ac_cv_prog_ac_ct_CXX=g++
ac_cv_prog_ac_ct_MANIFEST_TOOL=mt
ac_cv_prog_ac_ct_OBJDUMP=objdump
ac_cv_prog_ac_ct_RANLIB=ranlib
ac_cv_prog_ac_ct_STRIP=strip
ac_cv_prog_cc_c89=
ac_cv_prog_cc_g=yes
ac_cv_prog_cxx_g=yes
ac_cv_prog_make_make_set=yes
am_cv_CC_dependencies_compiler_type=gcc3
am_cv_CXX_dependencies_compiler_type=gcc3
at_cv_env_QT_CFLAGS='-m64 -pipe -O2 -Wall -W -D_REENTRANT $(QT_DEFINES)'
at_cv_env_QT_CXXFLAGS='-m64 -pipe -O2 -Wall -W -D_REENTRANT $(QT_DEFINES)'
at_cv_env_QT_DEFINES='-DQT_WEBKIT -DQT_NO_DEBUG -DQT_GUI_LIB -DQT_CORE_LIB -DQT_SHARED'
at_cv_env_QT_INCPATH='-I/usr/share/qt4/mkspecs/linux-g++-64 -I. -I/usr/include/qt4/QtCore -I/usr/include/qt4/QtGui -I/usr/include/qt4 -I. -I.'
at_cv_env_QT_LDFLAGS='-m64 -Wl,-O1'
at_cv_env_QT_LIBS='-L/usr/lib/x86_64-linux-gnu -lQtGui -lQtCore -lpthread '
at_cv_qt_build='ok, looks like Qt 4'
lt_cv_ar_at_file=@
lt_cv_archive_cmds_need_lc=no
lt_cv_deplibs_check_method=pass_all
lt_cv_file_magic_cmd='$MAGIC_CMD'
lt_cv_file_magic_test_file=
lt_cv_ld_reload_flag=-r
lt_cv_nm_interface='BSD nm'
lt_cv_objdir=.libs
lt_cv_path_LD=/usr/bin/ld
lt_cv_path_LDCXX='/usr/bin/ld -m elf_x86_64'
lt_cv_path_NM='/usr/bin/nm -B'
lt_cv_path_mainfest_tool=no
lt_cv_prog_compiler_c_o=yes
lt_cv_prog_compiler_c_o_CXX=yes
lt_cv_prog_compiler_pic='-fPIC -DPIC'
lt_cv_prog_compiler_pic_CXX='-fPIC -DPIC'
lt_cv_prog_compiler_pic_works=yes
lt_cv_prog_compiler_pic_works_CXX=yes
lt_cv_prog_compiler_rtti_exceptions=no
lt_cv_prog_compiler_static_works=yes
lt_cv_prog_compiler_static_works_CXX=yes
lt_cv_prog_gnu_ld=yes
lt_cv_prog_gnu_ldcxx=yes
lt_cv_sharedlib_from_linklib_cmd='printf %s\n'
lt_cv_shlibpath_overrides_runpath=no
lt_cv_sys_global_symbol_pipe='sed -n -e '\''s/^.*[	 ]\([ABCDGIRSTW][ABCDGIRSTW]*\)[	 ][	 ]*\([_A-Za-z][_A-Za-z0-9]*\)$/\1 \2 \2/p'\'' | sed '\''/ __gnu_lto/d'\'''
lt_cv_sys_global_symbol_to_c_name_address='sed -n -e '\''s/^: \([^ ]*\)[ ]*$/  {\"\1\", (void *) 0},/p'\'' -e '\''s/^[ABCDGIRSTW]* \([^ ]*\) \([^ ]*\)$/  {"\2", (void *) \&\2},/p'\'''
lt_cv_sys_global_symbol_to_c_name_address_lib_prefix='sed -n -e '\''s/^: \([^ ]*\)[ ]*$/  {\"\1\", (void *) 0},/p'\'' -e '\''s/^[ABCDGIRSTW]* \([^ ]*\) \(lib[^ ]*\)$/  {"\2", (void *) \&\2},/p'\'' -e '\''s/^[ABCDGIRSTW]* \([^ ]*\) \([^ ]*\)$/  {"lib\2", (void *) \&\2},/p'\'''
lt_cv_sys_global_symbol_to_cdecl='sed -n -e '\''s/^T .* \(.*\)$/extern int \1();/p'\'' -e '\''s/^[ABCDGIRSTW]* .* \(.*\)$/extern char \1;/p'\'''
lt_cv_sys_max_cmd_len=1572864
lt_cv_to_host_file_cmd=func_convert_file_noop
lt_cv_to_tool_file_cmd=func_convert_file_noop

## ----------------- ##
## Output variables. ##
## ----------------- ##

ACLOCAL='${SHELL} /home/mael/Bureau/M1_ALMA/Concept_outils_developpement/I-rover/build-aux/missing --run aclocal-1.11'
AMDEPBACKSLASH='\'
AMDEP_FALSE='#'
AMDEP_TRUE=''
AMTAR='$${TAR-tar}'
AR='ar'
AUTOCONF='${SHELL} /home/mael/Bureau/M1_ALMA/Concept_outils_developpement/I-rover/build-aux/missing --run autoconf'
AUTOHEADER='${SHELL} /home/mael/Bureau/M1_ALMA/Concept_outils_developpement/I-rover/build-aux/missing --run autoheader'
AUTOMAKE='${SHELL} /home/mael/Bureau/M1_ALMA/Concept_outils_developpement/I-rover/build-aux/missing --run automake-1.11'
AWK='mawk'
CC='gcc'
CCDEPMODE='depmode=gcc3'
CFLAGS='-g -O2'
CPP='gcc -E'
CPPFLAGS=''
CXX='g++'
CXXCPP='g++ -E'
CXXDEPMODE='depmode=gcc3'
CXXFLAGS='-g -O2'
CYGPATH_W='echo'
DEFS='-DHAVE_CONFIG_H'
DEPDIR='.deps'
DLLTOOL='false'
DSYMUTIL=''
DUMPBIN=''
ECHO_C=''
ECHO_N='-n'
ECHO_T=''
EGREP='/bin/grep -E'
EXEEXT=''
FGREP='/bin/grep -F'
GREP='/bin/grep'
INSTALL_DATA='${INSTALL} -m 644'
INSTALL_PROGRAM='${INSTALL}'
INSTALL_SCRIPT='${INSTALL}'
INSTALL_STRIP_PROGRAM='$(install_sh) -c -s'
LD='/usr/bin/ld -m elf_x86_64'
LDFLAGS=''
LIBOBJS=''
LIBS=''
LIBTOOL='$(SHELL) $(top_builddir)/libtool'
LIPO=''
LN_S='ln -s'
LTLIBOBJS=''
MAKEINFO='${SHELL} /home/mael/Bureau/M1_ALMA/Concept_outils_developpement/I-rover/build-aux/missing --run makeinfo'
MANIFEST_TOOL=':'
MKDIR_P='/bin/mkdir -p'
MOC='/usr/bin/moc'
NM='/usr/bin/nm -B'
NMEDIT=''
OBJDUMP='objdump'
OBJEXT='o'
OTOOL64=''
OTOOL=''
PACKAGE='i_rover'
PACKAGE_BUGREPORT='BUG-REPORT-ADDRESS'
PACKAGE_NAME='I_Rover'
PACKAGE_STRING='I_Rover 1.0'
PACKAGE_TARNAME='i_rover'
PACKAGE_URL=''
PACKAGE_VERSION='1.0'
PATH_SEPARATOR=':'
QMAKE='/usr/bin/qmake'
QT_CFLAGS='-m64 -pipe -O2 -Wall -W -D_REENTRANT $(QT_DEFINES)'
QT_CPPFLAGS='-DQT_WEBKIT -DQT_NO_DEBUG -DQT_GUI_LIB -DQT_CORE_LIB -DQT_SHARED -I/usr/share/qt4/mkspecs/linux-g++-64 -I. -I/usr/include/qt4/QtCore -I/usr/include/qt4/QtGui -I/usr/include/qt4 -I. -I.'
QT_CXXFLAGS='-m64 -pipe -O2 -Wall -W -D_REENTRANT $(QT_DEFINES)'
QT_DEFINES='-DQT_WEBKIT -DQT_NO_DEBUG -DQT_GUI_LIB -DQT_CORE_LIB -DQT_SHARED'
QT_INCPATH='-I/usr/share/qt4/mkspecs/linux-g++-64 -I. -I/usr/include/qt4/QtCore -I/usr/include/qt4/QtGui -I/usr/include/qt4 -I. -I.'
QT_LDFLAGS='-m64 -Wl,-O1'
QT_LFLAGS='-m64 -Wl,-O1'
QT_LIBS='-L/usr/lib/x86_64-linux-gnu -lQtGui -lQtCore -lpthread '
QT_PATH='/usr/bin'
QT_VERSION_MAJOR='ok, looks like Qt 4'
RANLIB='ranlib'
RCC='/usr/bin/rcc'
SED='/bin/sed'
SET_MAKE=''
SHELL='/bin/bash'
STRIP='strip'
TMPDIR='/tmp'
UIC='/usr/bin/uic'
VERSION='1.0'
ac_ct_AR='ar'
ac_ct_CC='gcc'
ac_ct_CXX='g++'
ac_ct_DUMPBIN=''
am__EXEEXT_FALSE=''
am__EXEEXT_TRUE='#'
am__fastdepCC_FALSE='#'
am__fastdepCC_TRUE=''
am__fastdepCXX_FALSE='#'
am__fastdepCXX_TRUE=''
am__include='include'
am__isrc=''
am__leading_dot='.'
am__nodep='_no'
am__quote=''
am__tar='$${TAR-tar} chof - "$$tardir"'
am__untar='$${TAR-tar} xf -'
bindir='${exec_prefix}/bin'
build='x86_64-unknown-linux-gnu'
build_alias=''
build_cpu='x86_64'
build_os='linux-gnu'
build_vendor='unknown'
datadir='${datarootdir}'
datarootdir='${prefix}/share'
docdir='${datarootdir}/doc/${PACKAGE_TARNAME}'
dvidir='${docdir}'
exec_prefix='${prefix}'
host='x86_64-unknown-linux-gnu'
host_alias=''
host_cpu='x86_64'
host_os='linux-gnu'
host_vendor='unknown'
htmldir='${docdir}'
includedir='${prefix}/include'
infodir='${datarootdir}/info'
install_sh='${SHELL} /home/mael/Bureau/M1_ALMA/Concept_outils_developpement/I-rover/build-aux/install-sh'
libdir='${exec_prefix}/lib'
libexecdir='${exec_prefix}/libexec'
localedir='${datarootdir}/locale'
localstatedir='${prefix}/var'
mandir='${datarootdir}/man'
mkdir_p='/bin/mkdir -p'
oldincludedir='/usr/include'
pdfdir='${docdir}'
prefix='/usr/local'
program_transform_name='s,x,x,'
psdir='${docdir}'
sbindir='${exec_prefix}/sbin'
sharedstatedir='${prefix}/com'
sysconfdir='${prefix}/etc'
target_alias=''

## ----------- ##
## confdefs.h. ##
## ----------- ##

/* confdefs.h */
#define PACKAGE_NAME "I_Rover"
#define PACKAGE_TARNAME "i_rover"
#define PACKAGE_VERSION "1.0"
#define PACKAGE_STRING "I_Rover 1.0"
#define PACKAGE_BUGREPORT "BUG-REPORT-ADDRESS"
#define PACKAGE_URL ""
#define STDC_HEADERS 1
#define HAVE_SYS_TYPES_H 1
#define HAVE_SYS_STAT_H 1
#define HAVE_STDLIB_H 1
#define HAVE_STRING_H 1
#define HAVE_MEMORY_H 1
#define HAVE_STRINGS_H 1
#define HAVE_INTTYPES_H 1
#define HAVE_STDINT_H 1
#define HAVE_UNISTD_H 1
#define HAVE_DLFCN_H 1
#define LT_OBJDIR ".libs/"
#define PACKAGE "i_rover"
#define VERSION "1.0"

configure: exit 0
